{"C:\\APP\\BDDB\\server\\api\\torrents\\bd-info.get.ts": {"path":"C:\\APP\\BDDB\\server\\api\\torrents\\bd-info.get.ts","statementMap":{"0":{"start":{"line":5,"column":38},"end":{"line":5,"column":null}},"1":{"start":{"line":6,"column":2},"end":{"line":6,"column":null}},"2":{"start":{"line":6,"column":24},"end":{"line":6,"column":null}},"3":{"start":{"line":7,"column":18},"end":{"line":7,"column":null}},"4":{"start":{"line":8,"column":2},"end":{"line":8,"column":null}}},"fnMap":{"0":{"name":"(anonymous_0)","decl":{"start":{"line":4,"column":34},"end":{"line":4,"column":41}},"loc":{"start":{"line":4,"column":51},"end":{"line":9,"column":1}},"line":4}},"branchMap":{"0":{"loc":{"start":{"line":6,"column":2},"end":{"line":6,"column":null}},"type":"if","locations":[{"start":{"line":6,"column":2},"end":{"line":6,"column":null}},{"start":{},"end":{}}],"line":6}},"s":{"0":2,"1":2,"2":1,"3":1,"4":1},"f":{"0":2},"b":{"0":[1,1]},"meta":{"lastBranch":1,"lastFunction":1,"lastStatement":5,"seen":{"f:4:34:4:41":0,"s:5:38:5:Infinity":0,"b:6:2:6:Infinity:undefined:undefined:undefined:undefined":0,"s:6:2:6:Infinity":1,"s:6:24:6:Infinity":2,"s:7:18:7:Infinity":3,"s:8:2:8:Infinity":4}}}
,"C:\\APP\\BDDB\\server\\api\\torrents\\bd-info.post.ts": {"path":"C:\\APP\\BDDB\\server\\api\\torrents\\bd-info.post.ts","statementMap":{"0":{"start":{"line":5,"column":21},"end":{"line":5,"column":null}},"1":{"start":{"line":6,"column":15},"end":{"line":6,"column":null}},"2":{"start":{"line":7,"column":35},"end":{"line":7,"column":null}},"3":{"start":{"line":8,"column":2},"end":{"line":8,"column":null}},"4":{"start":{"line":8,"column":54},"end":{"line":8,"column":null}},"5":{"start":{"line":9,"column":2},"end":{"line":9,"column":null}},"6":{"start":{"line":10,"column":2},"end":{"line":10,"column":null}}},"fnMap":{"0":{"name":"(anonymous_0)","decl":{"start":{"line":4,"column":34},"end":{"line":4,"column":41}},"loc":{"start":{"line":4,"column":51},"end":{"line":11,"column":1}},"line":4}},"branchMap":{"0":{"loc":{"start":{"line":8,"column":2},"end":{"line":8,"column":null}},"type":"if","locations":[{"start":{"line":8,"column":2},"end":{"line":8,"column":null}},{"start":{},"end":{}}],"line":8},"1":{"loc":{"start":{"line":8,"column":6},"end":{"line":8,"column":54}},"type":"binary-expr","locations":[{"start":{"line":8,"column":6},"end":{"line":8,"column":21}},{"start":{"line":8,"column":21},"end":{"line":8,"column":31}},{"start":{"line":8,"column":31},"end":{"line":8,"column":54}}],"line":8}},"s":{"0":2,"1":2,"2":2,"3":2,"4":1,"5":1,"6":1},"f":{"0":2},"b":{"0":[1,1],"1":[2,1,1]},"meta":{"lastBranch":2,"lastFunction":1,"lastStatement":7,"seen":{"f:4:34:4:41":0,"s:5:21:5:Infinity":0,"s:6:15:6:Infinity":1,"s:7:35:7:Infinity":2,"b:8:2:8:Infinity:undefined:undefined:undefined:undefined":0,"s:8:2:8:Infinity":3,"b:8:6:8:21:8:21:8:31:8:31:8:54":1,"s:8:54:8:Infinity":4,"s:9:2:9:Infinity":5,"s:10:2:10:Infinity":6}}}
,"C:\\APP\\BDDB\\server\\api\\torrents\\files.get.ts": {"path":"C:\\APP\\BDDB\\server\\api\\torrents\\files.get.ts","statementMap":{"0":{"start":{"line":5,"column":8},"end":{"line":5,"column":null}},"1":{"start":{"line":6,"column":2},"end":{"line":6,"column":null}},"2":{"start":{"line":6,"column":13},"end":{"line":6,"column":null}},"3":{"start":{"line":7,"column":18},"end":{"line":7,"column":null}},"4":{"start":{"line":8,"column":2},"end":{"line":8,"column":null}},"5":{"start":{"line":8,"column":16},"end":{"line":8,"column":null}},"6":{"start":{"line":9,"column":16},"end":{"line":9,"column":null}},"7":{"start":{"line":10,"column":2},"end":{"line":10,"column":null}}},"fnMap":{"0":{"name":"(anonymous_0)","decl":{"start":{"line":4,"column":34},"end":{"line":4,"column":41}},"loc":{"start":{"line":4,"column":51},"end":{"line":11,"column":1}},"line":4}},"branchMap":{"0":{"loc":{"start":{"line":6,"column":2},"end":{"line":6,"column":null}},"type":"if","locations":[{"start":{"line":6,"column":2},"end":{"line":6,"column":null}},{"start":{},"end":{}}],"line":6},"1":{"loc":{"start":{"line":8,"column":2},"end":{"line":8,"column":null}},"type":"if","locations":[{"start":{"line":8,"column":2},"end":{"line":8,"column":null}},{"start":{},"end":{}}],"line":8}},"s":{"0":3,"1":3,"2":1,"3":2,"4":2,"5":2,"6":1,"7":1},"f":{"0":3},"b":{"0":[1,2],"1":[1,1]},"meta":{"lastBranch":2,"lastFunction":1,"lastStatement":8,"seen":{"f:4:34:4:41":0,"s:5:8:5:Infinity":0,"b:6:2:6:Infinity:undefined:undefined:undefined:undefined":0,"s:6:2:6:Infinity":1,"s:6:13:6:Infinity":2,"s:7:18:7:Infinity":3,"b:8:2:8:Infinity:undefined:undefined:undefined:undefined":1,"s:8:2:8:Infinity":4,"s:8:16:8:Infinity":5,"s:9:16:9:Infinity":6,"s:10:2:10:Infinity":7}}}
,"C:\\APP\\BDDB\\server\\api\\volumes\\index.get.ts": {"path":"C:\\APP\\BDDB\\server\\api\\volumes\\index.get.ts","statementMap":{"0":{"start":{"line":5,"column":38},"end":{"line":5,"column":null}},"1":{"start":{"line":6,"column":18},"end":{"line":10,"column":null}},"2":{"start":{"line":11,"column":2},"end":{"line":11,"column":null}}},"fnMap":{"0":{"name":"(anonymous_0)","decl":{"start":{"line":4,"column":34},"end":{"line":4,"column":41}},"loc":{"start":{"line":4,"column":51},"end":{"line":12,"column":1}},"line":4}},"branchMap":{"0":{"loc":{"start":{"line":6,"column":18},"end":{"line":10,"column":null}},"type":"cond-expr","locations":[{"start":{"line":7,"column":6},"end":{"line":7,"column":null}},{"start":{"line":8,"column":6},"end":{"line":10,"column":null}}],"line":6},"1":{"loc":{"start":{"line":8,"column":6},"end":{"line":10,"column":null}},"type":"cond-expr","locations":[{"start":{"line":9,"column":8},"end":{"line":9,"column":null}},{"start":{"line":10,"column":8},"end":{"line":10,"column":null}}],"line":8}},"s":{"0":3,"1":3,"2":1},"f":{"0":3},"b":{"0":[1,2],"1":[1,1]},"meta":{"lastBranch":2,"lastFunction":1,"lastStatement":3,"seen":{"f:4:34:4:41":0,"s:5:38:5:Infinity":0,"s:6:18:10:Infinity":1,"b:7:6:7:Infinity:8:6:10:Infinity":0,"b:9:8:9:Infinity:10:8:10:Infinity":1,"s:11:2:11:Infinity":2}}}
,"C:\\APP\\BDDB\\server\\api\\volumes\\index.post.ts": {"path":"C:\\APP\\BDDB\\server\\api\\volumes\\index.post.ts","statementMap":{"0":{"start":{"line":5,"column":15},"end":{"line":5,"column":null}},"1":{"start":{"line":6,"column":41},"end":{"line":6,"column":null}},"2":{"start":{"line":7,"column":2},"end":{"line":7,"column":null}},"3":{"start":{"line":7,"column":54},"end":{"line":7,"column":null}},"4":{"start":{"line":8,"column":2},"end":{"line":8,"column":null}},"5":{"start":{"line":8,"column":43},"end":{"line":8,"column":null}},"6":{"start":{"line":10,"column":2},"end":{"line":12,"column":null}},"7":{"start":{"line":11,"column":4},"end":{"line":11,"column":null}},"8":{"start":{"line":13,"column":2},"end":{"line":13,"column":null}}},"fnMap":{"0":{"name":"(anonymous_0)","decl":{"start":{"line":4,"column":34},"end":{"line":4,"column":41}},"loc":{"start":{"line":4,"column":51},"end":{"line":14,"column":1}},"line":4}},"branchMap":{"0":{"loc":{"start":{"line":7,"column":2},"end":{"line":7,"column":null}},"type":"if","locations":[{"start":{"line":7,"column":2},"end":{"line":7,"column":null}},{"start":{},"end":{}}],"line":7},"1":{"loc":{"start":{"line":7,"column":6},"end":{"line":7,"column":54}},"type":"binary-expr","locations":[{"start":{"line":7,"column":6},"end":{"line":7,"column":21}},{"start":{"line":7,"column":21},"end":{"line":7,"column":31}},{"start":{"line":7,"column":31},"end":{"line":7,"column":54}}],"line":7},"2":{"loc":{"start":{"line":8,"column":2},"end":{"line":8,"column":null}},"type":"if","locations":[{"start":{"line":8,"column":2},"end":{"line":8,"column":null}},{"start":{},"end":{}}],"line":8},"3":{"loc":{"start":{"line":8,"column":6},"end":{"line":8,"column":43}},"type":"binary-expr","locations":[{"start":{"line":8,"column":6},"end":{"line":8,"column":18}},{"start":{"line":8,"column":18},"end":{"line":8,"column":43}}],"line":8}},"s":{"0":3,"1":3,"2":3,"3":1,"4":2,"5":1,"6":1,"7":2,"8":1},"f":{"0":3},"b":{"0":[1,2],"1":[3,2,2],"2":[1,1],"3":[2,1]},"meta":{"lastBranch":4,"lastFunction":1,"lastStatement":9,"seen":{"f:4:34:4:41":0,"s:5:15:5:Infinity":0,"s:6:41:6:Infinity":1,"b:7:2:7:Infinity:undefined:undefined:undefined:undefined":0,"s:7:2:7:Infinity":2,"b:7:6:7:21:7:21:7:31:7:31:7:54":1,"s:7:54:7:Infinity":3,"b:8:2:8:Infinity:undefined:undefined:undefined:undefined":2,"s:8:2:8:Infinity":4,"b:8:6:8:18:8:18:8:43":3,"s:8:43:8:Infinity":5,"s:10:2:12:Infinity":6,"s:11:4:11:Infinity":7,"s:13:2:13:Infinity":8}}}
,"C:\\APP\\BDDB\\server\\db\\repository.ts": {"path":"C:\\APP\\BDDB\\server\\db\\repository.ts","statementMap":{"0":{"start":{"line":4,"column":12},"end":{"line":4,"column":null}},"1":{"start":{"line":4,"column":18},"end":{"line":4,"column":null}},"2":{"start":{"line":7,"column":8},"end":{"line":7,"column":null}},"3":{"start":{"line":8,"column":2},"end":{"line":8,"column":null}},"4":{"start":{"line":9,"column":2},"end":{"line":9,"column":null}},"5":{"start":{"line":10,"column":8},"end":{"line":10,"column":null}},"6":{"start":{"line":11,"column":2},"end":{"line":11,"column":null}},"7":{"start":{"line":12,"column":2},"end":{"line":12,"column":null}},"8":{"start":{"line":13,"column":8},"end":{"line":13,"column":null}},"9":{"start":{"line":14,"column":2},"end":{"line":14,"column":null}},"10":{"start":{"line":15,"column":2},"end":{"line":15,"column":null}},"11":{"start":{"line":16,"column":2},"end":{"line":16,"column":null}},"12":{"start":{"line":17,"column":2},"end":{"line":17,"column":null}},"13":{"start":{"line":18,"column":2},"end":{"line":18,"column":null}},"14":{"start":{"line":22,"column":2},"end":{"line":27,"column":null}},"15":{"start":{"line":23,"column":4},"end":{"line":26,"column":null}},"16":{"start":{"line":24,"column":6},"end":{"line":25,"column":null}},"17":{"start":{"line":24,"column":15},"end":{"line":24,"column":null}},"18":{"start":{"line":25,"column":11},"end":{"line":25,"column":null}},"19":{"start":{"line":31,"column":14},"end":{"line":31,"column":null}},"20":{"start":{"line":32,"column":2},"end":{"line":39,"column":null}},"21":{"start":{"line":33,"column":4},"end":{"line":38,"column":null}},"22":{"start":{"line":34,"column":6},"end":{"line":34,"column":null}},"23":{"start":{"line":34,"column":15},"end":{"line":34,"column":null}},"24":{"start":{"line":35,"column":17},"end":{"line":37,"column":null}},"25":{"start":{"line":36,"column":84},"end":{"line":36,"column":113}},"26":{"start":{"line":37,"column":49},"end":{"line":37,"column":78}},"27":{"start":{"line":43,"column":2},"end":{"line":48,"column":null}},"28":{"start":{"line":44,"column":4},"end":{"line":47,"column":null}},"29":{"start":{"line":45,"column":6},"end":{"line":46,"column":null}},"30":{"start":{"line":45,"column":15},"end":{"line":45,"column":null}},"31":{"start":{"line":46,"column":11},"end":{"line":46,"column":null}},"32":{"start":{"line":52,"column":2},"end":{"line":57,"column":null}},"33":{"start":{"line":53,"column":4},"end":{"line":56,"column":null}},"34":{"start":{"line":54,"column":6},"end":{"line":55,"column":null}},"35":{"start":{"line":54,"column":15},"end":{"line":54,"column":null}},"36":{"start":{"line":55,"column":11},"end":{"line":55,"column":null}},"37":{"start":{"line":61,"column":2},"end":{"line":66,"column":null}},"38":{"start":{"line":62,"column":4},"end":{"line":65,"column":null}},"39":{"start":{"line":63,"column":6},"end":{"line":64,"column":null}},"40":{"start":{"line":63,"column":15},"end":{"line":63,"column":null}},"41":{"start":{"line":64,"column":11},"end":{"line":64,"column":null}},"42":{"start":{"line":70,"column":2},"end":{"line":76,"column":null}},"43":{"start":{"line":71,"column":34},"end":{"line":71,"column":null}},"44":{"start":{"line":72,"column":4},"end":{"line":75,"column":null}},"45":{"start":{"line":73,"column":6},"end":{"line":74,"column":null}},"46":{"start":{"line":73,"column":15},"end":{"line":73,"column":null}},"47":{"start":{"line":74,"column":11},"end":{"line":74,"column":null}},"48":{"start":{"line":80,"column":2},"end":{"line":86,"column":null}},"49":{"start":{"line":81,"column":4},"end":{"line":85,"column":null}},"50":{"start":{"line":83,"column":8},"end":{"line":84,"column":null}},"51":{"start":{"line":83,"column":17},"end":{"line":83,"column":null}},"52":{"start":{"line":84,"column":13},"end":{"line":84,"column":null}},"53":{"start":{"line":90,"column":2},"end":{"line":95,"column":null}},"54":{"start":{"line":91,"column":4},"end":{"line":94,"column":null}},"55":{"start":{"line":92,"column":6},"end":{"line":93,"column":null}},"56":{"start":{"line":92,"column":15},"end":{"line":92,"column":null}},"57":{"start":{"line":93,"column":11},"end":{"line":93,"column":null}},"58":{"start":{"line":99,"column":2},"end":{"line":104,"column":null}},"59":{"start":{"line":100,"column":4},"end":{"line":103,"column":null}},"60":{"start":{"line":101,"column":6},"end":{"line":102,"column":null}},"61":{"start":{"line":101,"column":15},"end":{"line":101,"column":null}},"62":{"start":{"line":102,"column":11},"end":{"line":102,"column":null}},"63":{"start":{"line":108,"column":2},"end":{"line":113,"column":null}},"64":{"start":{"line":109,"column":4},"end":{"line":112,"column":null}},"65":{"start":{"line":110,"column":6},"end":{"line":111,"column":null}},"66":{"start":{"line":110,"column":15},"end":{"line":110,"column":null}},"67":{"start":{"line":111,"column":11},"end":{"line":111,"column":null}},"68":{"start":{"line":117,"column":2},"end":{"line":122,"column":null}},"69":{"start":{"line":118,"column":4},"end":{"line":121,"column":null}},"70":{"start":{"line":119,"column":6},"end":{"line":120,"column":null}},"71":{"start":{"line":119,"column":15},"end":{"line":119,"column":null}},"72":{"start":{"line":120,"column":11},"end":{"line":120,"column":null}},"73":{"start":{"line":126,"column":2},"end":{"line":131,"column":null}},"74":{"start":{"line":127,"column":4},"end":{"line":130,"column":null}},"75":{"start":{"line":128,"column":6},"end":{"line":129,"column":null}},"76":{"start":{"line":128,"column":15},"end":{"line":128,"column":null}},"77":{"start":{"line":129,"column":11},"end":{"line":129,"column":null}},"78":{"start":{"line":135,"column":2},"end":{"line":140,"column":null}},"79":{"start":{"line":136,"column":4},"end":{"line":139,"column":null}},"80":{"start":{"line":137,"column":6},"end":{"line":138,"column":null}},"81":{"start":{"line":137,"column":15},"end":{"line":137,"column":null}},"82":{"start":{"line":138,"column":11},"end":{"line":138,"column":null}},"83":{"start":{"line":144,"column":2},"end":{"line":149,"column":null}},"84":{"start":{"line":145,"column":4},"end":{"line":148,"column":null}},"85":{"start":{"line":146,"column":6},"end":{"line":147,"column":null}},"86":{"start":{"line":146,"column":15},"end":{"line":146,"column":null}},"87":{"start":{"line":147,"column":11},"end":{"line":147,"column":null}},"88":{"start":{"line":153,"column":2},"end":{"line":158,"column":null}},"89":{"start":{"line":154,"column":4},"end":{"line":157,"column":null}},"90":{"start":{"line":155,"column":6},"end":{"line":156,"column":null}},"91":{"start":{"line":155,"column":15},"end":{"line":155,"column":null}},"92":{"start":{"line":156,"column":11},"end":{"line":156,"column":null}},"93":{"start":{"line":162,"column":2},"end":{"line":162,"column":null}},"94":{"start":{"line":166,"column":14},"end":{"line":177,"column":null}},"95":{"start":{"line":178,"column":2},"end":{"line":185,"column":null}},"96":{"start":{"line":179,"column":4},"end":{"line":184,"column":null}},"97":{"start":{"line":180,"column":6},"end":{"line":180,"column":null}},"98":{"start":{"line":180,"column":15},"end":{"line":180,"column":null}},"99":{"start":{"line":181,"column":17},"end":{"line":183,"column":null}},"100":{"start":{"line":182,"column":116},"end":{"line":182,"column":145}},"101":{"start":{"line":183,"column":74},"end":{"line":183,"column":103}},"102":{"start":{"line":189,"column":2},"end":{"line":200,"column":null}},"103":{"start":{"line":190,"column":16},"end":{"line":190,"column":null}},"104":{"start":{"line":191,"column":20},"end":{"line":191,"column":null}},"105":{"start":{"line":192,"column":4},"end":{"line":199,"column":null}},"106":{"start":{"line":193,"column":12},"end":{"line":193,"column":null}},"107":{"start":{"line":194,"column":6},"end":{"line":198,"column":null}},"108":{"start":{"line":195,"column":8},"end":{"line":195,"column":null}},"109":{"start":{"line":195,"column":17},"end":{"line":195,"column":null}},"110":{"start":{"line":196,"column":8},"end":{"line":196,"column":null}},"111":{"start":{"line":197,"column":8},"end":{"line":197,"column":null}},"112":{"start":{"line":197,"column":38},"end":{"line":197,"column":null}},"113":{"start":{"line":205,"column":2},"end":{"line":221,"column":null}},"114":{"start":{"line":206,"column":10},"end":{"line":206,"column":null}},"115":{"start":{"line":207,"column":18},"end":{"line":207,"column":null}},"116":{"start":{"line":208,"column":17},"end":{"line":213,"column":null}},"117":{"start":{"line":208,"column":33},"end":{"line":213,"column":6}},"118":{"start":{"line":216,"column":4},"end":{"line":220,"column":null}},"119":{"start":{"line":217,"column":6},"end":{"line":217,"column":null}},"120":{"start":{"line":217,"column":15},"end":{"line":217,"column":null}},"121":{"start":{"line":218,"column":6},"end":{"line":218,"column":null}},"122":{"start":{"line":218,"column":29},"end":{"line":218,"column":null}},"123":{"start":{"line":219,"column":6},"end":{"line":219,"column":null}},"124":{"start":{"line":219,"column":31},"end":{"line":219,"column":60}},"125":{"start":{"line":225,"column":2},"end":{"line":231,"column":null}},"126":{"start":{"line":226,"column":4},"end":{"line":230,"column":null}},"127":{"start":{"line":228,"column":8},"end":{"line":229,"column":null}},"128":{"start":{"line":228,"column":17},"end":{"line":228,"column":null}},"129":{"start":{"line":229,"column":13},"end":{"line":229,"column":null}},"130":{"start":{"line":235,"column":2},"end":{"line":242,"column":null}},"131":{"start":{"line":236,"column":4},"end":{"line":241,"column":null}},"132":{"start":{"line":240,"column":15},"end":{"line":240,"column":null}}},"fnMap":{"0":{"name":"(anonymous_0)","decl":{"start":{"line":4,"column":12},"end":{"line":4,"column":18}},"loc":{"start":{"line":4,"column":18},"end":{"line":4,"column":null}},"line":4},"1":{"name":"initDb","decl":{"start":{"line":6,"column":16},"end":{"line":6,"column":25}},"loc":{"start":{"line":6,"column":25},"end":{"line":19,"column":null}},"line":6},"2":{"name":"(anonymous_2)","decl":{"start":{"line":8,"column":62},"end":{"line":8,"column":68}},"loc":{"start":{"line":8,"column":68},"end":{"line":8,"column":70}},"line":8},"3":{"name":"(anonymous_3)","decl":{"start":{"line":9,"column":54},"end":{"line":9,"column":60}},"loc":{"start":{"line":9,"column":60},"end":{"line":9,"column":62}},"line":9},"4":{"name":"(anonymous_4)","decl":{"start":{"line":11,"column":51},"end":{"line":11,"column":57}},"loc":{"start":{"line":11,"column":57},"end":{"line":11,"column":59}},"line":11},"5":{"name":"(anonymous_5)","decl":{"start":{"line":12,"column":51},"end":{"line":12,"column":57}},"loc":{"start":{"line":12,"column":57},"end":{"line":12,"column":59}},"line":12},"6":{"name":"(anonymous_6)","decl":{"start":{"line":14,"column":53},"end":{"line":14,"column":59}},"loc":{"start":{"line":14,"column":59},"end":{"line":14,"column":61}},"line":14},"7":{"name":"(anonymous_7)","decl":{"start":{"line":15,"column":48},"end":{"line":15,"column":54}},"loc":{"start":{"line":15,"column":54},"end":{"line":15,"column":56}},"line":15},"8":{"name":"(anonymous_8)","decl":{"start":{"line":16,"column":53},"end":{"line":16,"column":59}},"loc":{"start":{"line":16,"column":59},"end":{"line":16,"column":61}},"line":16},"9":{"name":"(anonymous_9)","decl":{"start":{"line":17,"column":52},"end":{"line":17,"column":58}},"loc":{"start":{"line":17,"column":58},"end":{"line":17,"column":60}},"line":17},"10":{"name":"torrentExists","decl":{"start":{"line":21,"column":16},"end":{"line":21,"column":30}},"loc":{"start":{"line":21,"column":62},"end":{"line":28,"column":null}},"line":21},"11":{"name":"(anonymous_11)","decl":{"start":{"line":22,"column":21},"end":{"line":22,"column":22}},"loc":{"start":{"line":22,"column":42},"end":{"line":27,"column":3}},"line":22},"12":{"name":"(anonymous_12)","decl":{"start":{"line":23,"column":59},"end":{"line":23,"column":60}},"loc":{"start":{"line":23,"column":73},"end":{"line":26,"column":5}},"line":23},"13":{"name":"addTorrent","decl":{"start":{"line":30,"column":22},"end":{"line":30,"column":33}},"loc":{"start":{"line":30,"column":57},"end":{"line":40,"column":null}},"line":30},"14":{"name":"(anonymous_14)","decl":{"start":{"line":32,"column":27},"end":{"line":32,"column":28}},"loc":{"start":{"line":32,"column":48},"end":{"line":39,"column":3}},"line":32},"15":{"name":"(anonymous_15)","decl":{"start":{"line":33,"column":51},"end":{"line":33,"column":52}},"loc":{"start":{"line":33,"column":70},"end":{"line":38,"column":5}},"line":33},"16":{"name":"(anonymous_16)","decl":{"start":{"line":36,"column":75},"end":{"line":36,"column":76}},"loc":{"start":{"line":36,"column":84},"end":{"line":36,"column":113}},"line":36},"17":{"name":"(anonymous_17)","decl":{"start":{"line":37,"column":40},"end":{"line":37,"column":41}},"loc":{"start":{"line":37,"column":49},"end":{"line":37,"column":78}},"line":37},"18":{"name":"updateTorrentStatus","decl":{"start":{"line":42,"column":16},"end":{"line":42,"column":36}},"loc":{"start":{"line":42,"column":89},"end":{"line":49,"column":null}},"line":42},"19":{"name":"(anonymous_19)","decl":{"start":{"line":43,"column":21},"end":{"line":43,"column":22}},"loc":{"start":{"line":43,"column":42},"end":{"line":48,"column":3}},"line":43},"20":{"name":"(anonymous_20)","decl":{"start":{"line":44,"column":84},"end":{"line":44,"column":85}},"loc":{"start":{"line":44,"column":93},"end":{"line":47,"column":5}},"line":44},"21":{"name":"softDeleteTorrent","decl":{"start":{"line":51,"column":16},"end":{"line":51,"column":34}},"loc":{"start":{"line":51,"column":63},"end":{"line":58,"column":null}},"line":51},"22":{"name":"(anonymous_22)","decl":{"start":{"line":52,"column":21},"end":{"line":52,"column":22}},"loc":{"start":{"line":52,"column":42},"end":{"line":57,"column":3}},"line":52},"23":{"name":"(anonymous_23)","decl":{"start":{"line":53,"column":93},"end":{"line":53,"column":94}},"loc":{"start":{"line":53,"column":102},"end":{"line":56,"column":5}},"line":53},"24":{"name":"getTorrent","decl":{"start":{"line":60,"column":16},"end":{"line":60,"column":27}},"loc":{"start":{"line":60,"column":66},"end":{"line":67,"column":null}},"line":60},"25":{"name":"(anonymous_25)","decl":{"start":{"line":61,"column":21},"end":{"line":61,"column":22}},"loc":{"start":{"line":61,"column":42},"end":{"line":66,"column":3}},"line":61},"26":{"name":"(anonymous_26)","decl":{"start":{"line":62,"column":40},"end":{"line":62,"column":41}},"loc":{"start":{"line":62,"column":54},"end":{"line":65,"column":5}},"line":62},"27":{"name":"getAllTorrents","decl":{"start":{"line":69,"column":16},"end":{"line":69,"column":31}},"loc":{"start":{"line":69,"column":75},"end":{"line":77,"column":null}},"line":69},"28":{"name":"(anonymous_28)","decl":{"start":{"line":70,"column":21},"end":{"line":70,"column":22}},"loc":{"start":{"line":70,"column":42},"end":{"line":76,"column":3}},"line":70},"29":{"name":"(anonymous_29)","decl":{"start":{"line":72,"column":62},"end":{"line":72,"column":63}},"loc":{"start":{"line":72,"column":77},"end":{"line":75,"column":5}},"line":72},"30":{"name":"searchTorrents","decl":{"start":{"line":79,"column":16},"end":{"line":79,"column":31}},"loc":{"start":{"line":79,"column":68},"end":{"line":87,"column":null}},"line":79},"31":{"name":"(anonymous_31)","decl":{"start":{"line":80,"column":21},"end":{"line":80,"column":22}},"loc":{"start":{"line":80,"column":42},"end":{"line":86,"column":3}},"line":80},"32":{"name":"(anonymous_32)","decl":{"start":{"line":82,"column":35},"end":{"line":82,"column":36}},"loc":{"start":{"line":82,"column":50},"end":{"line":85,"column":7}},"line":82},"33":{"name":"addVolume","decl":{"start":{"line":89,"column":16},"end":{"line":89,"column":26}},"loc":{"start":{"line":89,"column":64},"end":{"line":96,"column":null}},"line":89},"34":{"name":"(anonymous_34)","decl":{"start":{"line":90,"column":21},"end":{"line":90,"column":22}},"loc":{"start":{"line":90,"column":42},"end":{"line":95,"column":3}},"line":90},"35":{"name":"(anonymous_35)","decl":{"start":{"line":91,"column":79},"end":{"line":91,"column":80}},"loc":{"start":{"line":91,"column":88},"end":{"line":94,"column":5}},"line":91},"36":{"name":"updateVolume","decl":{"start":{"line":98,"column":16},"end":{"line":98,"column":29}},"loc":{"start":{"line":98,"column":79},"end":{"line":105,"column":null}},"line":98},"37":{"name":"(anonymous_37)","decl":{"start":{"line":99,"column":21},"end":{"line":99,"column":22}},"loc":{"start":{"line":99,"column":42},"end":{"line":104,"column":3}},"line":99},"38":{"name":"(anonymous_38)","decl":{"start":{"line":100,"column":87},"end":{"line":100,"column":88}},"loc":{"start":{"line":100,"column":96},"end":{"line":103,"column":5}},"line":100},"39":{"name":"deleteVolume","decl":{"start":{"line":107,"column":16},"end":{"line":107,"column":29}},"loc":{"start":{"line":107,"column":56},"end":{"line":114,"column":null}},"line":107},"40":{"name":"(anonymous_40)","decl":{"start":{"line":108,"column":21},"end":{"line":108,"column":22}},"loc":{"start":{"line":108,"column":42},"end":{"line":113,"column":3}},"line":108},"41":{"name":"(anonymous_41)","decl":{"start":{"line":109,"column":45},"end":{"line":109,"column":46}},"loc":{"start":{"line":109,"column":54},"end":{"line":112,"column":5}},"line":109},"42":{"name":"deleteVolumesByTorrent","decl":{"start":{"line":116,"column":16},"end":{"line":116,"column":39}},"loc":{"start":{"line":116,"column":73},"end":{"line":123,"column":null}},"line":116},"43":{"name":"(anonymous_43)","decl":{"start":{"line":117,"column":21},"end":{"line":117,"column":22}},"loc":{"start":{"line":117,"column":42},"end":{"line":122,"column":3}},"line":117},"44":{"name":"(anonymous_44)","decl":{"start":{"line":118,"column":72},"end":{"line":118,"column":73}},"loc":{"start":{"line":118,"column":81},"end":{"line":121,"column":5}},"line":118},"45":{"name":"getVolumesByTorrent","decl":{"start":{"line":125,"column":16},"end":{"line":125,"column":36}},"loc":{"start":{"line":125,"column":74},"end":{"line":132,"column":null}},"line":125},"46":{"name":"(anonymous_46)","decl":{"start":{"line":126,"column":21},"end":{"line":126,"column":22}},"loc":{"start":{"line":126,"column":42},"end":{"line":131,"column":3}},"line":126},"47":{"name":"(anonymous_47)","decl":{"start":{"line":127,"column":115},"end":{"line":127,"column":116}},"loc":{"start":{"line":127,"column":130},"end":{"line":130,"column":5}},"line":127},"48":{"name":"getVolumesByFile","decl":{"start":{"line":134,"column":16},"end":{"line":134,"column":33}},"loc":{"start":{"line":134,"column":68},"end":{"line":141,"column":null}},"line":134},"49":{"name":"(anonymous_49)","decl":{"start":{"line":135,"column":21},"end":{"line":135,"column":22}},"loc":{"start":{"line":135,"column":42},"end":{"line":140,"column":3}},"line":135},"50":{"name":"(anonymous_50)","decl":{"start":{"line":136,"column":107},"end":{"line":136,"column":108}},"loc":{"start":{"line":136,"column":122},"end":{"line":139,"column":5}},"line":136},"51":{"name":"getVolumeById","decl":{"start":{"line":143,"column":16},"end":{"line":143,"column":30}},"loc":{"start":{"line":143,"column":66},"end":{"line":150,"column":null}},"line":143},"52":{"name":"(anonymous_52)","decl":{"start":{"line":144,"column":21},"end":{"line":144,"column":22}},"loc":{"start":{"line":144,"column":42},"end":{"line":149,"column":3}},"line":144},"53":{"name":"(anonymous_53)","decl":{"start":{"line":145,"column":42},"end":{"line":145,"column":43}},"loc":{"start":{"line":145,"column":56},"end":{"line":148,"column":5}},"line":145},"54":{"name":"getAllVolumes","decl":{"start":{"line":152,"column":16},"end":{"line":152,"column":51}},"loc":{"start":{"line":152,"column":51},"end":{"line":159,"column":null}},"line":152},"55":{"name":"(anonymous_55)","decl":{"start":{"line":153,"column":21},"end":{"line":153,"column":22}},"loc":{"start":{"line":153,"column":42},"end":{"line":158,"column":3}},"line":153},"56":{"name":"(anonymous_56)","decl":{"start":{"line":154,"column":60},"end":{"line":154,"column":61}},"loc":{"start":{"line":154,"column":75},"end":{"line":157,"column":5}},"line":154},"57":{"name":"getVolumesByBoxId","decl":{"start":{"line":161,"column":16},"end":{"line":161,"column":55}},"loc":{"start":{"line":161,"column":55},"end":{"line":163,"column":null}},"line":161},"58":{"name":"saveVolume","decl":{"start":{"line":165,"column":22},"end":{"line":165,"column":33}},"loc":{"start":{"line":165,"column":107},"end":{"line":186,"column":null}},"line":165},"59":{"name":"(anonymous_59)","decl":{"start":{"line":178,"column":21},"end":{"line":178,"column":22}},"loc":{"start":{"line":178,"column":42},"end":{"line":185,"column":3}},"line":178},"60":{"name":"(anonymous_60)","decl":{"start":{"line":179,"column":83},"end":{"line":179,"column":84}},"loc":{"start":{"line":179,"column":102},"end":{"line":184,"column":5}},"line":179},"61":{"name":"(anonymous_61)","decl":{"start":{"line":182,"column":107},"end":{"line":182,"column":108}},"loc":{"start":{"line":182,"column":116},"end":{"line":182,"column":145}},"line":182},"62":{"name":"(anonymous_62)","decl":{"start":{"line":183,"column":65},"end":{"line":183,"column":66}},"loc":{"start":{"line":183,"column":74},"end":{"line":183,"column":103}},"line":183},"63":{"name":"clearAllData","decl":{"start":{"line":188,"column":16},"end":{"line":188,"column":46}},"loc":{"start":{"line":188,"column":46},"end":{"line":201,"column":null}},"line":188},"64":{"name":"(anonymous_64)","decl":{"start":{"line":189,"column":21},"end":{"line":189,"column":22}},"loc":{"start":{"line":189,"column":42},"end":{"line":200,"column":3}},"line":189},"65":{"name":"(anonymous_65)","decl":{"start":{"line":192,"column":16},"end":{"line":192,"column":26}},"loc":{"start":{"line":192,"column":26},"end":{"line":199,"column":5}},"line":192},"66":{"name":"(anonymous_66)","decl":{"start":{"line":194,"column":37},"end":{"line":194,"column":38}},"loc":{"start":{"line":194,"column":46},"end":{"line":198,"column":7}},"line":194},"67":{"name":"saveTorrentFiles","decl":{"start":{"line":204,"column":16},"end":{"line":204,"column":33}},"loc":{"start":{"line":204,"column":98},"end":{"line":222,"column":null}},"line":204},"68":{"name":"(anonymous_68)","decl":{"start":{"line":205,"column":21},"end":{"line":205,"column":22}},"loc":{"start":{"line":205,"column":42},"end":{"line":221,"column":3}},"line":205},"69":{"name":"(anonymous_69)","decl":{"start":{"line":208,"column":27},"end":{"line":208,"column":33}},"loc":{"start":{"line":208,"column":33},"end":{"line":213,"column":6}},"line":208},"70":{"name":"(anonymous_70)","decl":{"start":{"line":216,"column":58},"end":{"line":216,"column":59}},"loc":{"start":{"line":216,"column":67},"end":{"line":220,"column":5}},"line":216},"71":{"name":"(anonymous_71)","decl":{"start":{"line":219,"column":22},"end":{"line":219,"column":23}},"loc":{"start":{"line":219,"column":31},"end":{"line":219,"column":60}},"line":219},"72":{"name":"getTorrentFiles","decl":{"start":{"line":224,"column":16},"end":{"line":224,"column":32}},"loc":{"start":{"line":224,"column":75},"end":{"line":232,"column":null}},"line":224},"73":{"name":"(anonymous_73)","decl":{"start":{"line":225,"column":21},"end":{"line":225,"column":22}},"loc":{"start":{"line":225,"column":42},"end":{"line":231,"column":3}},"line":225},"74":{"name":"(anonymous_74)","decl":{"start":{"line":227,"column":30},"end":{"line":227,"column":31}},"loc":{"start":{"line":227,"column":45},"end":{"line":230,"column":7}},"line":227},"75":{"name":"softDeleteTorrentFiles","decl":{"start":{"line":234,"column":16},"end":{"line":234,"column":39}},"loc":{"start":{"line":234,"column":73},"end":{"line":243,"column":null}},"line":234},"76":{"name":"(anonymous_76)","decl":{"start":{"line":235,"column":21},"end":{"line":235,"column":22}},"loc":{"start":{"line":235,"column":42},"end":{"line":242,"column":3}},"line":235},"77":{"name":"(anonymous_77)","decl":{"start":{"line":240,"column":6},"end":{"line":240,"column":7}},"loc":{"start":{"line":240,"column":15},"end":{"line":240,"column":null}},"line":240}},"branchMap":{"0":{"loc":{"start":{"line":24,"column":6},"end":{"line":25,"column":null}},"type":"if","locations":[{"start":{"line":24,"column":6},"end":{"line":25,"column":null}},{"start":{"line":25,"column":11},"end":{"line":25,"column":null}}],"line":24},"1":{"loc":{"start":{"line":34,"column":6},"end":{"line":34,"column":null}},"type":"if","locations":[{"start":{"line":34,"column":6},"end":{"line":34,"column":null}},{"start":{},"end":{}}],"line":34},"2":{"loc":{"start":{"line":35,"column":17},"end":{"line":37,"column":null}},"type":"cond-expr","locations":[{"start":{"line":35,"column":17},"end":{"line":36,"column":null}},{"start":{"line":36,"column":113},"end":{"line":37,"column":null}}],"line":35},"3":{"loc":{"start":{"line":36,"column":84},"end":{"line":36,"column":113}},"type":"cond-expr","locations":[{"start":{"line":36,"column":90},"end":{"line":36,"column":104}},{"start":{"line":36,"column":104},"end":{"line":36,"column":113}}],"line":36},"4":{"loc":{"start":{"line":37,"column":49},"end":{"line":37,"column":78}},"type":"cond-expr","locations":[{"start":{"line":37,"column":55},"end":{"line":37,"column":69}},{"start":{"line":37,"column":69},"end":{"line":37,"column":78}}],"line":37},"5":{"loc":{"start":{"line":45,"column":6},"end":{"line":46,"column":null}},"type":"if","locations":[{"start":{"line":45,"column":6},"end":{"line":46,"column":null}},{"start":{"line":46,"column":11},"end":{"line":46,"column":null}}],"line":45},"6":{"loc":{"start":{"line":54,"column":6},"end":{"line":55,"column":null}},"type":"if","locations":[{"start":{"line":54,"column":6},"end":{"line":55,"column":null}},{"start":{"line":55,"column":11},"end":{"line":55,"column":null}}],"line":54},"7":{"loc":{"start":{"line":63,"column":6},"end":{"line":64,"column":null}},"type":"if","locations":[{"start":{"line":63,"column":6},"end":{"line":64,"column":null}},{"start":{"line":64,"column":11},"end":{"line":64,"column":null}}],"line":63},"8":{"loc":{"start":{"line":69,"column":31},"end":{"line":69,"column":75}},"type":"default-arg","locations":[{"start":{"line":69,"column":48},"end":{"line":69,"column":75}}],"line":69},"9":{"loc":{"start":{"line":71,"column":34},"end":{"line":71,"column":null}},"type":"cond-expr","locations":[{"start":{"line":71,"column":51},"end":{"line":71,"column":56}},{"start":{"line":71,"column":56},"end":{"line":71,"column":null}}],"line":71},"10":{"loc":{"start":{"line":73,"column":6},"end":{"line":74,"column":null}},"type":"if","locations":[{"start":{"line":73,"column":6},"end":{"line":74,"column":null}},{"start":{"line":74,"column":11},"end":{"line":74,"column":null}}],"line":73},"11":{"loc":{"start":{"line":83,"column":8},"end":{"line":84,"column":null}},"type":"if","locations":[{"start":{"line":83,"column":8},"end":{"line":84,"column":null}},{"start":{"line":84,"column":13},"end":{"line":84,"column":null}}],"line":83},"12":{"loc":{"start":{"line":92,"column":6},"end":{"line":93,"column":null}},"type":"if","locations":[{"start":{"line":92,"column":6},"end":{"line":93,"column":null}},{"start":{"line":93,"column":11},"end":{"line":93,"column":null}}],"line":92},"13":{"loc":{"start":{"line":101,"column":6},"end":{"line":102,"column":null}},"type":"if","locations":[{"start":{"line":101,"column":6},"end":{"line":102,"column":null}},{"start":{"line":102,"column":11},"end":{"line":102,"column":null}}],"line":101},"14":{"loc":{"start":{"line":110,"column":6},"end":{"line":111,"column":null}},"type":"if","locations":[{"start":{"line":110,"column":6},"end":{"line":111,"column":null}},{"start":{"line":111,"column":11},"end":{"line":111,"column":null}}],"line":110},"15":{"loc":{"start":{"line":119,"column":6},"end":{"line":120,"column":null}},"type":"if","locations":[{"start":{"line":119,"column":6},"end":{"line":120,"column":null}},{"start":{"line":120,"column":11},"end":{"line":120,"column":null}}],"line":119},"16":{"loc":{"start":{"line":128,"column":6},"end":{"line":129,"column":null}},"type":"if","locations":[{"start":{"line":128,"column":6},"end":{"line":129,"column":null}},{"start":{"line":129,"column":11},"end":{"line":129,"column":null}}],"line":128},"17":{"loc":{"start":{"line":137,"column":6},"end":{"line":138,"column":null}},"type":"if","locations":[{"start":{"line":137,"column":6},"end":{"line":138,"column":null}},{"start":{"line":138,"column":11},"end":{"line":138,"column":null}}],"line":137},"18":{"loc":{"start":{"line":146,"column":6},"end":{"line":147,"column":null}},"type":"if","locations":[{"start":{"line":146,"column":6},"end":{"line":147,"column":null}},{"start":{"line":147,"column":11},"end":{"line":147,"column":null}}],"line":146},"19":{"loc":{"start":{"line":155,"column":6},"end":{"line":156,"column":null}},"type":"if","locations":[{"start":{"line":155,"column":6},"end":{"line":156,"column":null}},{"start":{"line":156,"column":11},"end":{"line":156,"column":null}}],"line":155},"20":{"loc":{"start":{"line":169,"column":10},"end":{"line":169,"column":null}},"type":"binary-expr","locations":[{"start":{"line":169,"column":10},"end":{"line":169,"column":23}},{"start":{"line":169,"column":23},"end":{"line":169,"column":null}}],"line":169},"21":{"loc":{"start":{"line":170,"column":15},"end":{"line":170,"column":null}},"type":"binary-expr","locations":[{"start":{"line":170,"column":15},"end":{"line":170,"column":33}},{"start":{"line":170,"column":33},"end":{"line":170,"column":null}}],"line":170},"22":{"loc":{"start":{"line":171,"column":16},"end":{"line":171,"column":null}},"type":"binary-expr","locations":[{"start":{"line":171,"column":16},"end":{"line":171,"column":35}},{"start":{"line":171,"column":35},"end":{"line":171,"column":null}}],"line":171},"23":{"loc":{"start":{"line":172,"column":17},"end":{"line":172,"column":null}},"type":"binary-expr","locations":[{"start":{"line":172,"column":17},"end":{"line":172,"column":37}},{"start":{"line":172,"column":37},"end":{"line":172,"column":null}}],"line":172},"24":{"loc":{"start":{"line":173,"column":16},"end":{"line":173,"column":null}},"type":"binary-expr","locations":[{"start":{"line":173,"column":16},"end":{"line":173,"column":35}},{"start":{"line":173,"column":35},"end":{"line":173,"column":null}}],"line":173},"25":{"loc":{"start":{"line":174,"column":15},"end":{"line":174,"column":null}},"type":"binary-expr","locations":[{"start":{"line":174,"column":15},"end":{"line":174,"column":33}},{"start":{"line":174,"column":33},"end":{"line":174,"column":null}}],"line":174},"26":{"loc":{"start":{"line":175,"column":10},"end":{"line":175,"column":null}},"type":"binary-expr","locations":[{"start":{"line":175,"column":10},"end":{"line":175,"column":23}},{"start":{"line":175,"column":23},"end":{"line":175,"column":null}}],"line":175},"27":{"loc":{"start":{"line":180,"column":6},"end":{"line":180,"column":null}},"type":"if","locations":[{"start":{"line":180,"column":6},"end":{"line":180,"column":null}},{"start":{},"end":{}}],"line":180},"28":{"loc":{"start":{"line":181,"column":17},"end":{"line":183,"column":null}},"type":"cond-expr","locations":[{"start":{"line":181,"column":17},"end":{"line":182,"column":null}},{"start":{"line":182,"column":145},"end":{"line":183,"column":null}}],"line":181},"29":{"loc":{"start":{"line":182,"column":116},"end":{"line":182,"column":145}},"type":"cond-expr","locations":[{"start":{"line":182,"column":122},"end":{"line":182,"column":136}},{"start":{"line":182,"column":136},"end":{"line":182,"column":145}}],"line":182},"30":{"loc":{"start":{"line":183,"column":74},"end":{"line":183,"column":103}},"type":"cond-expr","locations":[{"start":{"line":183,"column":80},"end":{"line":183,"column":94}},{"start":{"line":183,"column":94},"end":{"line":183,"column":103}}],"line":183},"31":{"loc":{"start":{"line":195,"column":8},"end":{"line":195,"column":null}},"type":"if","locations":[{"start":{"line":195,"column":8},"end":{"line":195,"column":null}},{"start":{},"end":{}}],"line":195},"32":{"loc":{"start":{"line":197,"column":8},"end":{"line":197,"column":null}},"type":"if","locations":[{"start":{"line":197,"column":8},"end":{"line":197,"column":null}},{"start":{},"end":{}}],"line":197},"33":{"loc":{"start":{"line":211,"column":18},"end":{"line":211,"column":null}},"type":"binary-expr","locations":[{"start":{"line":211,"column":18},"end":{"line":211,"column":34}},{"start":{"line":211,"column":34},"end":{"line":211,"column":null}}],"line":211},"34":{"loc":{"start":{"line":212,"column":17},"end":{"line":212,"column":null}},"type":"binary-expr","locations":[{"start":{"line":212,"column":17},"end":{"line":212,"column":32}},{"start":{"line":212,"column":32},"end":{"line":212,"column":null}}],"line":212},"35":{"loc":{"start":{"line":217,"column":6},"end":{"line":217,"column":null}},"type":"if","locations":[{"start":{"line":217,"column":6},"end":{"line":217,"column":null}},{"start":{},"end":{}}],"line":217},"36":{"loc":{"start":{"line":218,"column":6},"end":{"line":218,"column":null}},"type":"if","locations":[{"start":{"line":218,"column":6},"end":{"line":218,"column":null}},{"start":{},"end":{}}],"line":218},"37":{"loc":{"start":{"line":219,"column":31},"end":{"line":219,"column":60}},"type":"cond-expr","locations":[{"start":{"line":219,"column":37},"end":{"line":219,"column":51}},{"start":{"line":219,"column":51},"end":{"line":219,"column":60}}],"line":219},"38":{"loc":{"start":{"line":228,"column":8},"end":{"line":229,"column":null}},"type":"if","locations":[{"start":{"line":228,"column":8},"end":{"line":229,"column":null}},{"start":{"line":229,"column":13},"end":{"line":229,"column":null}}],"line":228},"39":{"loc":{"start":{"line":240,"column":15},"end":{"line":240,"column":null}},"type":"cond-expr","locations":[{"start":{"line":240,"column":21},"end":{"line":240,"column":35}},{"start":{"line":240,"column":35},"end":{"line":240,"column":null}}],"line":240}},"s":{"0":2,"1":7,"2":0,"3":0,"4":0,"5":0,"6":0,"7":0,"8":0,"9":0,"10":0,"11":0,"12":0,"13":0,"14":0,"15":0,"16":0,"17":0,"18":0,"19":0,"20":0,"21":0,"22":0,"23":0,"24":0,"25":0,"26":0,"27":0,"28":0,"29":0,"30":0,"31":0,"32":0,"33":0,"34":0,"35":0,"36":0,"37":2,"38":2,"39":2,"40":0,"41":2,"42":0,"43":0,"44":0,"45":0,"46":0,"47":0,"48":0,"49":0,"50":0,"51":0,"52":0,"53":0,"54":0,"55":0,"56":0,"57":0,"58":0,"59":0,"60":0,"61":0,"62":0,"63":0,"64":0,"65":0,"66":0,"67":0,"68":0,"69":0,"70":0,"71":0,"72":0,"73":3,"74":3,"75":3,"76":1,"77":2,"78":2,"79":2,"80":2,"81":0,"82":2,"83":0,"84":0,"85":0,"86":0,"87":0,"88":0,"89":0,"90":0,"91":0,"92":0,"93":0,"94":3,"95":3,"96":3,"97":3,"98":0,"99":3,"100":1,"101":2,"102":0,"103":0,"104":0,"105":0,"106":0,"107":0,"108":0,"109":0,"110":0,"111":0,"112":0,"113":2,"114":2,"115":2,"116":2,"117":3,"118":2,"119":2,"120":0,"121":2,"122":0,"123":2,"124":2,"125":2,"126":2,"127":2,"128":0,"129":2,"130":0,"131":0,"132":0},"f":{"0":7,"1":0,"2":0,"3":0,"4":0,"5":0,"6":0,"7":0,"8":0,"9":0,"10":0,"11":0,"12":0,"13":0,"14":0,"15":0,"16":0,"17":0,"18":0,"19":0,"20":0,"21":0,"22":0,"23":0,"24":2,"25":2,"26":2,"27":0,"28":0,"29":0,"30":0,"31":0,"32":0,"33":0,"34":0,"35":0,"36":0,"37":0,"38":0,"39":0,"40":0,"41":0,"42":0,"43":0,"44":0,"45":3,"46":3,"47":3,"48":2,"49":2,"50":2,"51":0,"52":0,"53":0,"54":0,"55":0,"56":0,"57":0,"58":3,"59":3,"60":3,"61":1,"62":2,"63":0,"64":0,"65":0,"66":0,"67":2,"68":2,"69":3,"70":2,"71":2,"72":2,"73":2,"74":2,"75":0,"76":0,"77":0},"b":{"0":[0,0],"1":[0,0],"2":[0,0],"3":[0,0],"4":[0,0],"5":[0,0],"6":[0,0],"7":[0,2],"8":[0],"9":[0,0],"10":[0,0],"11":[0,0],"12":[0,0],"13":[0,0],"14":[0,0],"15":[0,0],"16":[1,2],"17":[0,2],"18":[0,0],"19":[0,0],"20":[3,1],"21":[3,1],"22":[3,1],"23":[3,1],"24":[3,1],"25":[3,3],"26":[3,3],"27":[0,3],"28":[1,2],"29":[0,1],"30":[0,2],"31":[0,0],"32":[0,0],"33":[3,3],"34":[3,3],"35":[0,2],"36":[0,2],"37":[0,2],"38":[0,2],"39":[0,0]},"meta":{"lastBranch":40,"lastFunction":78,"lastStatement":133,"seen":{"s:4:12:4:Infinity":0,"f:4:12:4:18":0,"s:4:18:4:Infinity":1,"f:6:16:6:25":1,"s:7:8:7:Infinity":2,"s:8:2:8:Infinity":3,"f:8:62:8:68":2,"s:9:2:9:Infinity":4,"f:9:54:9:60":3,"s:10:8:10:Infinity":5,"s:11:2:11:Infinity":6,"f:11:51:11:57":4,"s:12:2:12:Infinity":7,"f:12:51:12:57":5,"s:13:8:13:Infinity":8,"s:14:2:14:Infinity":9,"f:14:53:14:59":6,"s:15:2:15:Infinity":10,"f:15:48:15:54":7,"s:16:2:16:Infinity":11,"f:16:53:16:59":8,"s:17:2:17:Infinity":12,"f:17:52:17:58":9,"s:18:2:18:Infinity":13,"f:21:16:21:30":10,"s:22:2:27:Infinity":14,"f:22:21:22:22":11,"s:23:4:26:Infinity":15,"f:23:59:23:60":12,"b:24:6:25:Infinity:25:11:25:Infinity":0,"s:24:6:25:Infinity":16,"s:24:15:24:Infinity":17,"s:25:11:25:Infinity":18,"f:30:22:30:33":13,"s:31:14:31:Infinity":19,"s:32:2:39:Infinity":20,"f:32:27:32:28":14,"s:33:4:38:Infinity":21,"f:33:51:33:52":15,"b:34:6:34:Infinity:undefined:undefined:undefined:undefined":1,"s:34:6:34:Infinity":22,"s:34:15:34:Infinity":23,"s:35:17:37:Infinity":24,"b:35:17:36:Infinity:36:113:37:Infinity":2,"f:36:75:36:76":16,"s:36:84:36:113":25,"b:36:90:36:104:36:104:36:113":3,"f:37:40:37:41":17,"s:37:49:37:78":26,"b:37:55:37:69:37:69:37:78":4,"f:42:16:42:36":18,"s:43:2:48:Infinity":27,"f:43:21:43:22":19,"s:44:4:47:Infinity":28,"f:44:84:44:85":20,"b:45:6:46:Infinity:46:11:46:Infinity":5,"s:45:6:46:Infinity":29,"s:45:15:45:Infinity":30,"s:46:11:46:Infinity":31,"f:51:16:51:34":21,"s:52:2:57:Infinity":32,"f:52:21:52:22":22,"s:53:4:56:Infinity":33,"f:53:93:53:94":23,"b:54:6:55:Infinity:55:11:55:Infinity":6,"s:54:6:55:Infinity":34,"s:54:15:54:Infinity":35,"s:55:11:55:Infinity":36,"f:60:16:60:27":24,"s:61:2:66:Infinity":37,"f:61:21:61:22":25,"s:62:4:65:Infinity":38,"f:62:40:62:41":26,"b:63:6:64:Infinity:64:11:64:Infinity":7,"s:63:6:64:Infinity":39,"s:63:15:63:Infinity":40,"s:64:11:64:Infinity":41,"f:69:16:69:31":27,"b:69:48:69:75":8,"s:70:2:76:Infinity":42,"f:70:21:70:22":28,"s:71:34:71:Infinity":43,"b:71:51:71:56:71:56:71:Infinity":9,"s:72:4:75:Infinity":44,"f:72:62:72:63":29,"b:73:6:74:Infinity:74:11:74:Infinity":10,"s:73:6:74:Infinity":45,"s:73:15:73:Infinity":46,"s:74:11:74:Infinity":47,"f:79:16:79:31":30,"s:80:2:86:Infinity":48,"f:80:21:80:22":31,"s:81:4:85:Infinity":49,"f:82:35:82:36":32,"b:83:8:84:Infinity:84:13:84:Infinity":11,"s:83:8:84:Infinity":50,"s:83:17:83:Infinity":51,"s:84:13:84:Infinity":52,"f:89:16:89:26":33,"s:90:2:95:Infinity":53,"f:90:21:90:22":34,"s:91:4:94:Infinity":54,"f:91:79:91:80":35,"b:92:6:93:Infinity:93:11:93:Infinity":12,"s:92:6:93:Infinity":55,"s:92:15:92:Infinity":56,"s:93:11:93:Infinity":57,"f:98:16:98:29":36,"s:99:2:104:Infinity":58,"f:99:21:99:22":37,"s:100:4:103:Infinity":59,"f:100:87:100:88":38,"b:101:6:102:Infinity:102:11:102:Infinity":13,"s:101:6:102:Infinity":60,"s:101:15:101:Infinity":61,"s:102:11:102:Infinity":62,"f:107:16:107:29":39,"s:108:2:113:Infinity":63,"f:108:21:108:22":40,"s:109:4:112:Infinity":64,"f:109:45:109:46":41,"b:110:6:111:Infinity:111:11:111:Infinity":14,"s:110:6:111:Infinity":65,"s:110:15:110:Infinity":66,"s:111:11:111:Infinity":67,"f:116:16:116:39":42,"s:117:2:122:Infinity":68,"f:117:21:117:22":43,"s:118:4:121:Infinity":69,"f:118:72:118:73":44,"b:119:6:120:Infinity:120:11:120:Infinity":15,"s:119:6:120:Infinity":70,"s:119:15:119:Infinity":71,"s:120:11:120:Infinity":72,"f:125:16:125:36":45,"s:126:2:131:Infinity":73,"f:126:21:126:22":46,"s:127:4:130:Infinity":74,"f:127:115:127:116":47,"b:128:6:129:Infinity:129:11:129:Infinity":16,"s:128:6:129:Infinity":75,"s:128:15:128:Infinity":76,"s:129:11:129:Infinity":77,"f:134:16:134:33":48,"s:135:2:140:Infinity":78,"f:135:21:135:22":49,"s:136:4:139:Infinity":79,"f:136:107:136:108":50,"b:137:6:138:Infinity:138:11:138:Infinity":17,"s:137:6:138:Infinity":80,"s:137:15:137:Infinity":81,"s:138:11:138:Infinity":82,"f:143:16:143:30":51,"s:144:2:149:Infinity":83,"f:144:21:144:22":52,"s:145:4:148:Infinity":84,"f:145:42:145:43":53,"b:146:6:147:Infinity:147:11:147:Infinity":18,"s:146:6:147:Infinity":85,"s:146:15:146:Infinity":86,"s:147:11:147:Infinity":87,"f:152:16:152:51":54,"s:153:2:158:Infinity":88,"f:153:21:153:22":55,"s:154:4:157:Infinity":89,"f:154:60:154:61":56,"b:155:6:156:Infinity:156:11:156:Infinity":19,"s:155:6:156:Infinity":90,"s:155:15:155:Infinity":91,"s:156:11:156:Infinity":92,"f:161:16:161:55":57,"s:162:2:162:Infinity":93,"f:165:22:165:33":58,"s:166:14:177:Infinity":94,"b:169:10:169:23:169:23:169:Infinity":20,"b:170:15:170:33:170:33:170:Infinity":21,"b:171:16:171:35:171:35:171:Infinity":22,"b:172:17:172:37:172:37:172:Infinity":23,"b:173:16:173:35:173:35:173:Infinity":24,"b:174:15:174:33:174:33:174:Infinity":25,"b:175:10:175:23:175:23:175:Infinity":26,"s:178:2:185:Infinity":95,"f:178:21:178:22":59,"s:179:4:184:Infinity":96,"f:179:83:179:84":60,"b:180:6:180:Infinity:undefined:undefined:undefined:undefined":27,"s:180:6:180:Infinity":97,"s:180:15:180:Infinity":98,"s:181:17:183:Infinity":99,"b:181:17:182:Infinity:182:145:183:Infinity":28,"f:182:107:182:108":61,"s:182:116:182:145":100,"b:182:122:182:136:182:136:182:145":29,"f:183:65:183:66":62,"s:183:74:183:103":101,"b:183:80:183:94:183:94:183:103":30,"f:188:16:188:46":63,"s:189:2:200:Infinity":102,"f:189:21:189:22":64,"s:190:16:190:Infinity":103,"s:191:20:191:Infinity":104,"s:192:4:199:Infinity":105,"f:192:16:192:26":65,"s:193:12:193:Infinity":106,"s:194:6:198:Infinity":107,"f:194:37:194:38":66,"b:195:8:195:Infinity:undefined:undefined:undefined:undefined":31,"s:195:8:195:Infinity":108,"s:195:17:195:Infinity":109,"s:196:8:196:Infinity":110,"b:197:8:197:Infinity:undefined:undefined:undefined:undefined":32,"s:197:8:197:Infinity":111,"s:197:38:197:Infinity":112,"f:204:16:204:33":67,"s:205:2:221:Infinity":113,"f:205:21:205:22":68,"s:206:10:206:Infinity":114,"s:207:18:207:Infinity":115,"s:208:17:213:Infinity":116,"f:208:27:208:33":69,"s:208:33:213:6":117,"b:211:18:211:34:211:34:211:Infinity":33,"b:212:17:212:32:212:32:212:Infinity":34,"s:216:4:220:Infinity":118,"f:216:58:216:59":70,"b:217:6:217:Infinity:undefined:undefined:undefined:undefined":35,"s:217:6:217:Infinity":119,"s:217:15:217:Infinity":120,"b:218:6:218:Infinity:undefined:undefined:undefined:undefined":36,"s:218:6:218:Infinity":121,"s:218:29:218:Infinity":122,"s:219:6:219:Infinity":123,"f:219:22:219:23":71,"s:219:31:219:60":124,"b:219:37:219:51:219:51:219:60":37,"f:224:16:224:32":72,"s:225:2:231:Infinity":125,"f:225:21:225:22":73,"s:226:4:230:Infinity":126,"f:227:30:227:31":74,"b:228:8:229:Infinity:229:13:229:Infinity":38,"s:228:8:229:Infinity":127,"s:228:17:228:Infinity":128,"s:229:13:229:Infinity":129,"f:234:16:234:39":75,"s:235:2:242:Infinity":130,"f:235:21:235:22":76,"s:236:4:241:Infinity":131,"f:240:6:240:7":77,"s:240:15:240:Infinity":132,"b:240:21:240:35:240:35:240:Infinity":39}}}
}
